# JRE version: OpenJDK Runtime Environment (8.0_242-b01) (build 1.8.0_242-release-1644-b01)
# Java VM: OpenJDK 64-Bit Server VM (25.242-b01 mixed mode windows-amd64 compressed oops)
Heap:
 PSYoungGen      total 266240K, used 108309K [0x00000000d5580000, 0x00000000eba80000, 0x0000000100000000)
  eden space 244224K, 35% used [0x00000000d5580000,0x00000000da9c5a40,0x00000000e4400000)
  from space 22016K, 99% used [0x00000000e4400000,0x00000000e597fc10,0x00000000e5980000)
  to   space 30720K, 0% used [0x00000000e9c80000,0x00000000e9c80000,0x00000000eba80000)
 ParOldGen       total 105984K, used 52857K [0x0000000080000000, 0x0000000086780000, 0x00000000d5580000)
  object space 105984K, 49% used [0x0000000080000000,0x000000008339e790,0x0000000086780000)
 Metaspace       used 86072K, capacity 90492K, committed 90648K, reserved 1128448K
  class space    used 11755K, capacity 12578K, committed 12592K, reserved 1048576K
GC Heap History (10 events):
Event: 11.636 GC heap before
{Heap before GC invocations=12 (full 2):
 PSYoungGen      total 140288K, used 129024K [0x00000000d5580000, 0x00000000e2800000, 0x0000000100000000)
  eden space 129024K, 100% used [0x00000000d5580000,0x00000000dd380000,0x00000000dd380000)
  from space 11264K, 0% used [0x00000000dd380000,0x00000000dd380000,0x00000000dde80000)
  to   space 12800K, 0% used [0x00000000e1b80000,0x00000000e1b80000,0x00000000e2800000)
 ParOldGen       total 67584K, used 17281K [0x0000000080000000, 0x0000000084200000, 0x00000000d5580000)
  object space 67584K, 25% used [0x0000000080000000,0x00000000810e0498,0x0000000084200000)
 Metaspace       used 41112K, capacity 42826K, committed 42920K, reserved 1085440K
  class space    used 5629K, capacity 6011K, committed 6064K, reserved 1048576K
Event: 11.653 GC heap after
Heap after GC invocations=12 (full 2):
 PSYoungGen      total 192512K, used 10660K [0x00000000d5580000, 0x00000000e2600000, 0x0000000100000000)
  eden space 181760K, 0% used [0x00000000d5580000,0x00000000d5580000,0x00000000e0700000)
  from space 10752K, 99% used [0x00000000e1b80000,0x00000000e25e9000,0x00000000e2600000)
  to   space 13824K, 0% used [0x00000000e0b00000,0x00000000e0b00000,0x00000000e1880000)
 ParOldGen       total 67584K, used 17289K [0x0000000080000000, 0x0000000084200000, 0x00000000d5580000)
  object space 67584K, 25% used [0x0000000080000000,0x00000000810e2498,0x0000000084200000)
 Metaspace       used 41112K, capacity 42826K, committed 42920K, reserved 1085440K
  class space    used 5629K, capacity 6011K, committed 6064K, reserved 1048576K
}
Event: 15.875 GC heap before
{Heap before GC invocations=13 (full 2):
 PSYoungGen      total 192512K, used 182757K [0x00000000d5580000, 0x00000000e2600000, 0x0000000100000000)
  eden space 181760K, 94% used [0x00000000d5580000,0x00000000dfd90690,0x00000000e0700000)
  from space 10752K, 99% used [0x00000000e1b80000,0x00000000e25e9000,0x00000000e2600000)
  to   space 13824K, 0% used [0x00000000e0b00000,0x00000000e0b00000,0x00000000e1880000)
 ParOldGen       total 67584K, used 17289K [0x0000000080000000, 0x0000000084200000, 0x00000000d5580000)
  object space 67584K, 25% used [0x0000000080000000,0x00000000810e2498,0x0000000084200000)
 Metaspace       used 56550K, capacity 58928K, committed 59160K, reserved 1099776K
  class space    used 7740K, capacity 8209K, committed 8240K, reserved 1048576K
Event: 15.938 GC heap after
Heap after GC invocations=13 (full 2):
 PSYoungGen      total 199680K, used 13820K [0x00000000d5580000, 0x00000000e7280000, 0x0000000100000000)
  eden space 185856K, 0% used [0x00000000d5580000,0x00000000d5580000,0x00000000e0b00000)
  from space 13824K, 99% used [0x00000000e0b00000,0x00000000e187f0d8,0x00000000e1880000)
  to   space 20480K, 0% used [0x00000000e5e80000,0x00000000e5e80000,0x00000000e7280000)
 ParOldGen       total 67584K, used 29980K [0x0000000080000000, 0x0000000084200000, 0x00000000d5580000)
  object space 67584K, 44% used [0x0000000080000000,0x0000000081d472e0,0x0000000084200000)
 Metaspace       used 56550K, capacity 58928K, committed 59160K, reserved 1099776K
  class space    used 7740K, capacity 8209K, committed 8240K, reserved 1048576K
}
Event: 15.938 GC heap before
{Heap before GC invocations=14 (full 3):
 PSYoungGen      total 199680K, used 13820K [0x00000000d5580000, 0x00000000e7280000, 0x0000000100000000)
  eden space 185856K, 0% used [0x00000000d5580000,0x00000000d5580000,0x00000000e0b00000)
  from space 13824K, 99% used [0x00000000e0b00000,0x00000000e187f0d8,0x00000000e1880000)
  to   space 20480K, 0% used [0x00000000e5e80000,0x00000000e5e80000,0x00000000e7280000)
 ParOldGen       total 67584K, used 29980K [0x0000000080000000, 0x0000000084200000, 0x00000000d5580000)
  object space 67584K, 44% used [0x0000000080000000,0x0000000081d472e0,0x0000000084200000)
 Metaspace       used 56550K, capacity 58928K, committed 59160K, reserved 1099776K
  class space    used 7740K, capacity 8209K, committed 8240K, reserved 1048576K
Event: 16.328 GC heap after
Heap after GC invocations=14 (full 3):
 PSYoungGen      total 199680K, used 0K [0x00000000d5580000, 0x00000000e7280000, 0x0000000100000000)
  eden space 185856K, 0% used [0x00000000d5580000,0x00000000d5580000,0x00000000e0b00000)
  from space 13824K, 0% used [0x00000000e0b00000,0x00000000e0b00000,0x00000000e1880000)
  to   space 20480K, 0% used [0x00000000e5e80000,0x00000000e5e80000,0x00000000e7280000)
 ParOldGen       total 105984K, used 38183K [0x0000000080000000, 0x0000000086780000, 0x00000000d5580000)
  object space 105984K, 36% used [0x0000000080000000,0x0000000082549db0,0x0000000086780000)
 Metaspace       used 56527K, capacity 58850K, committed 59160K, reserved 1099776K
  class space    used 7733K, capacity 8196K, committed 8240K, reserved 1048576K
}
Event: 20.613 GC heap before
{Heap before GC invocations=15 (full 3):
 PSYoungGen      total 199680K, used 185856K [0x00000000d5580000, 0x00000000e7280000, 0x0000000100000000)
  eden space 185856K, 100% used [0x00000000d5580000,0x00000000e0b00000,0x00000000e0b00000)
  from space 13824K, 0% used [0x00000000e0b00000,0x00000000e0b00000,0x00000000e1880000)
  to   space 20480K, 0% used [0x00000000e5e80000,0x00000000e5e80000,0x00000000e7280000)
 ParOldGen       total 105984K, used 38183K [0x0000000080000000, 0x0000000086780000, 0x00000000d5580000)
  object space 105984K, 36% used [0x0000000080000000,0x0000000082549db0,0x0000000086780000)
 Metaspace       used 64102K, capacity 67266K, committed 67352K, reserved 1107968K
  class space    used 8855K, capacity 9442K, committed 9520K, reserved 1048576K
Event: 20.643 GC heap after
Heap after GC invocations=15 (full 3):
 PSYoungGen      total 256512K, used 16633K [0x00000000d5580000, 0x00000000e6f00000, 0x0000000100000000)
  eden space 239616K, 0% used [0x00000000d5580000,0x00000000d5580000,0x00000000e3f80000)
  from space 16896K, 98% used [0x00000000e5e80000,0x00000000e6ebe698,0x00000000e6f00000)
  to   space 22016K, 0% used [0x00000000e4400000,0x00000000e4400000,0x00000000e5980000)
 ParOldGen       total 105984K, used 38191K [0x0000000080000000, 0x0000000086780000, 0x00000000d5580000)
  object space 105984K, 36% used [0x0000000080000000,0x000000008254bdb0,0x0000000086780000)
 Metaspace       used 64102K, capacity 67266K, committed 67352K, reserved 1107968K
  class space    used 8855K, capacity 9442K, committed 9520K, reserved 1048576K
}
Event: 26.549 GC heap before
{Heap before GC invocations=16 (full 3):
 PSYoungGen      total 256512K, used 256249K [0x00000000d5580000, 0x00000000e6f00000, 0x0000000100000000)
  eden space 239616K, 100% used [0x00000000d5580000,0x00000000e3f80000,0x00000000e3f80000)
  from space 16896K, 98% used [0x00000000e5e80000,0x00000000e6ebe698,0x00000000e6f00000)
  to   space 22016K, 0% used [0x00000000e4400000,0x00000000e4400000,0x00000000e5980000)
 ParOldGen       total 105984K, used 38191K [0x0000000080000000, 0x0000000086780000, 0x00000000d5580000)
  object space 105984K, 36% used [0x0000000080000000,0x000000008254bdb0,0x0000000086780000)
 Metaspace       used 82671K, capacity 87050K, committed 87192K, reserved 1124352K
  class space    used 11512K, capacity 12353K, committed 12464K, reserved 1048576K
Event: 26.637 GC heap after
Heap after GC invocations=16 (full 3):
 PSYoungGen      total 266240K, used 22015K [0x00000000d5580000, 0x00000000eba80000, 0x0000000100000000)
  eden space 244224K, 0% used [0x00000000d5580000,0x00000000d5580000,0x00000000e4400000)
  from space 22016K, 99% used [0x00000000e4400000,0x00000000e597fc10,0x00000000e5980000)
  to   space 30720K, 0% used [0x00000000e9c80000,0x00000000e9c80000,0x00000000eba80000)
 ParOldGen       total 105984K, used 52857K [0x0000000080000000, 0x0000000086780000, 0x00000000d5580000)
  object space 105984K, 49% used [0x0000000080000000,0x000000008339e790,0x0000000086780000)
 Metaspace       used 82671K, capacity 87050K, committed 87192K, reserved 1124352K
  class space    used 11512K, capacity 12353K, committed 12464K, reserved 1048576K
}

