# JRE version: OpenJDK Runtime Environment (8.0_242-b01) (build 1.8.0_242-release-1644-b01)
# Java VM: OpenJDK 64-Bit Server VM (25.242-b01 mixed mode windows-amd64 compressed oops)
Heap:
 PSYoungGen      total 286720K, used 84038K [0x00000000d5580000, 0x00000000e8300000, 0x0000000100000000)
  eden space 264704K, 23% used [0x00000000d5580000,0x00000000d9212bf8,0x00000000e5800000)
  from space 22016K, 99% used [0x00000000e5800000,0x00000000e6d7ef48,0x00000000e6d80000)
  to   space 19456K, 0% used [0x00000000e7000000,0x00000000e7000000,0x00000000e8300000)
 ParOldGen       total 98304K, used 54945K [0x0000000080000000, 0x0000000086000000, 0x00000000d5580000)
  object space 98304K, 55% used [0x0000000080000000,0x00000000835a8570,0x0000000086000000)
 Metaspace       used 86943K, capacity 91314K, committed 91544K, reserved 1128448K
  class space    used 11804K, capacity 12631K, committed 12720K, reserved 1048576K
GC Heap History (10 events):
Event: 11.188 GC heap before
{Heap before GC invocations=12 (full 2):
 PSYoungGen      total 140288K, used 129024K [0x00000000d5580000, 0x00000000e3100000, 0x0000000100000000)
  eden space 129024K, 100% used [0x00000000d5580000,0x00000000dd380000,0x00000000dd380000)
  from space 11264K, 0% used [0x00000000dd380000,0x00000000dd380000,0x00000000dde80000)
  to   space 12800K, 0% used [0x00000000e2480000,0x00000000e2480000,0x00000000e3100000)
 ParOldGen       total 63488K, used 17049K [0x0000000080000000, 0x0000000083e00000, 0x00000000d5580000)
  object space 63488K, 26% used [0x0000000080000000,0x00000000810a6630,0x0000000083e00000)
 Metaspace       used 40682K, capacity 42478K, committed 42664K, reserved 1085440K
  class space    used 5589K, capacity 5979K, committed 6064K, reserved 1048576K
Event: 11.204 GC heap after
Heap after GC invocations=12 (full 2):
 PSYoungGen      total 199168K, used 10609K [0x00000000d5580000, 0x00000000e2f00000, 0x0000000100000000)
  eden space 188416K, 0% used [0x00000000d5580000,0x00000000d5580000,0x00000000e0d80000)
  from space 10752K, 98% used [0x00000000e2480000,0x00000000e2edc430,0x00000000e2f00000)
  to   space 13824K, 0% used [0x00000000e1400000,0x00000000e1400000,0x00000000e2180000)
 ParOldGen       total 63488K, used 17057K [0x0000000080000000, 0x0000000083e00000, 0x00000000d5580000)
  object space 63488K, 26% used [0x0000000080000000,0x00000000810a8630,0x0000000083e00000)
 Metaspace       used 40682K, capacity 42478K, committed 42664K, reserved 1085440K
  class space    used 5589K, capacity 5979K, committed 6064K, reserved 1048576K
}
Event: 15.407 GC heap before
{Heap before GC invocations=13 (full 2):
 PSYoungGen      total 199168K, used 187650K [0x00000000d5580000, 0x00000000e2f00000, 0x0000000100000000)
  eden space 188416K, 93% used [0x00000000d5580000,0x00000000e0264688,0x00000000e0d80000)
  from space 10752K, 98% used [0x00000000e2480000,0x00000000e2edc430,0x00000000e2f00000)
  to   space 13824K, 0% used [0x00000000e1400000,0x00000000e1400000,0x00000000e2180000)
 ParOldGen       total 63488K, used 17057K [0x0000000080000000, 0x0000000083e00000, 0x00000000d5580000)
  object space 63488K, 26% used [0x0000000080000000,0x00000000810a8630,0x0000000083e00000)
 Metaspace       used 56562K, capacity 58928K, committed 59160K, reserved 1099776K
  class space    used 7740K, capacity 8209K, committed 8240K, reserved 1048576K
Event: 15.456 GC heap after
Heap after GC invocations=13 (full 2):
 PSYoungGen      total 208896K, used 13802K [0x00000000d5580000, 0x00000000e8400000, 0x0000000100000000)
  eden space 195072K, 0% used [0x00000000d5580000,0x00000000d5580000,0x00000000e1400000)
  from space 13824K, 99% used [0x00000000e1400000,0x00000000e217a828,0x00000000e2180000)
  to   space 20480K, 0% used [0x00000000e7000000,0x00000000e7000000,0x00000000e8400000)
 ParOldGen       total 63488K, used 30032K [0x0000000080000000, 0x0000000083e00000, 0x00000000d5580000)
  object space 63488K, 47% used [0x0000000080000000,0x0000000081d54370,0x0000000083e00000)
 Metaspace       used 56562K, capacity 58928K, committed 59160K, reserved 1099776K
  class space    used 7740K, capacity 8209K, committed 8240K, reserved 1048576K
}
Event: 15.456 GC heap before
{Heap before GC invocations=14 (full 3):
 PSYoungGen      total 208896K, used 13802K [0x00000000d5580000, 0x00000000e8400000, 0x0000000100000000)
  eden space 195072K, 0% used [0x00000000d5580000,0x00000000d5580000,0x00000000e1400000)
  from space 13824K, 99% used [0x00000000e1400000,0x00000000e217a828,0x00000000e2180000)
  to   space 20480K, 0% used [0x00000000e7000000,0x00000000e7000000,0x00000000e8400000)
 ParOldGen       total 63488K, used 30032K [0x0000000080000000, 0x0000000083e00000, 0x00000000d5580000)
  object space 63488K, 47% used [0x0000000080000000,0x0000000081d54370,0x0000000083e00000)
 Metaspace       used 56562K, capacity 58928K, committed 59160K, reserved 1099776K
  class space    used 7740K, capacity 8209K, committed 8240K, reserved 1048576K
Event: 15.849 GC heap after
Heap after GC invocations=14 (full 3):
 PSYoungGen      total 208896K, used 0K [0x00000000d5580000, 0x00000000e8400000, 0x0000000100000000)
  eden space 195072K, 0% used [0x00000000d5580000,0x00000000d5580000,0x00000000e1400000)
  from space 13824K, 0% used [0x00000000e1400000,0x00000000e1400000,0x00000000e2180000)
  to   space 20480K, 0% used [0x00000000e7000000,0x00000000e7000000,0x00000000e8400000)
 ParOldGen       total 98304K, used 38488K [0x0000000080000000, 0x0000000086000000, 0x00000000d5580000)
  object space 98304K, 39% used [0x0000000080000000,0x0000000082596320,0x0000000086000000)
 Metaspace       used 56539K, capacity 58850K, committed 59160K, reserved 1099776K
  class space    used 7733K, capacity 8196K, committed 8240K, reserved 1048576K
}
Event: 24.352 GC heap before
{Heap before GC invocations=15 (full 3):
 PSYoungGen      total 208896K, used 195072K [0x00000000d5580000, 0x00000000e8400000, 0x0000000100000000)
  eden space 195072K, 100% used [0x00000000d5580000,0x00000000e1400000,0x00000000e1400000)
  from space 13824K, 0% used [0x00000000e1400000,0x00000000e1400000,0x00000000e2180000)
  to   space 20480K, 0% used [0x00000000e7000000,0x00000000e7000000,0x00000000e8400000)
 ParOldGen       total 98304K, used 38488K [0x0000000080000000, 0x0000000086000000, 0x00000000d5580000)
  object space 98304K, 39% used [0x0000000080000000,0x0000000082596320,0x0000000086000000)
 Metaspace       used 64249K, capacity 67330K, committed 67608K, reserved 1107968K
  class space    used 8877K, capacity 9462K, committed 9520K, reserved 1048576K
Event: 24.379 GC heap after
Heap after GC invocations=15 (full 3):
 PSYoungGen      total 284160K, used 17344K [0x00000000d5580000, 0x00000000e8300000, 0x0000000100000000)
  eden space 264704K, 0% used [0x00000000d5580000,0x00000000d5580000,0x00000000e5800000)
  from space 19456K, 89% used [0x00000000e7000000,0x00000000e80f02b0,0x00000000e8300000)
  to   space 22016K, 0% used [0x00000000e5800000,0x00000000e5800000,0x00000000e6d80000)
 ParOldGen       total 98304K, used 38496K [0x0000000080000000, 0x0000000086000000, 0x00000000d5580000)
  object space 98304K, 39% used [0x0000000080000000,0x0000000082598320,0x0000000086000000)
 Metaspace       used 64249K, capacity 67330K, committed 67608K, reserved 1107968K
  class space    used 8877K, capacity 9462K, committed 9520K, reserved 1048576K
}
Event: 36.005 GC heap before
{Heap before GC invocations=16 (full 3):
 PSYoungGen      total 284160K, used 282048K [0x00000000d5580000, 0x00000000e8300000, 0x0000000100000000)
  eden space 264704K, 100% used [0x00000000d5580000,0x00000000e5800000,0x00000000e5800000)
  from space 19456K, 89% used [0x00000000e7000000,0x00000000e80f02b0,0x00000000e8300000)
  to   space 22016K, 0% used [0x00000000e5800000,0x00000000e5800000,0x00000000e6d80000)
 ParOldGen       total 98304K, used 38496K [0x0000000080000000, 0x0000000086000000, 0x00000000d5580000)
  object space 98304K, 39% used [0x0000000080000000,0x0000000082598320,0x0000000086000000)
 Metaspace       used 86418K, capacity 90708K, committed 91032K, reserved 1128448K
  class space    used 11790K, capacity 12608K, committed 12720K, reserved 1048576K
Event: 36.088 GC heap after
Heap after GC invocations=16 (full 3):
 PSYoungGen      total 286720K, used 22011K [0x00000000d5580000, 0x00000000e8300000, 0x0000000100000000)
  eden space 264704K, 0% used [0x00000000d5580000,0x00000000d5580000,0x00000000e5800000)
  from space 22016K, 99% used [0x00000000e5800000,0x00000000e6d7ef48,0x00000000e6d80000)
  to   space 19456K, 0% used [0x00000000e7000000,0x00000000e7000000,0x00000000e8300000)
 ParOldGen       total 98304K, used 54945K [0x0000000080000000, 0x0000000086000000, 0x00000000d5580000)
  object space 98304K, 55% used [0x0000000080000000,0x00000000835a8570,0x0000000086000000)
 Metaspace       used 86418K, capacity 90708K, committed 91032K, reserved 1128448K
  class space    used 11790K, capacity 12608K, committed 12720K, reserved 1048576K
}

