# JRE version: OpenJDK Runtime Environment (8.0_242-b01) (build 1.8.0_242-release-1644-b01)
# Java VM: OpenJDK 64-Bit Server VM (25.242-b01 mixed mode windows-amd64 compressed oops)
Heap:
 PSYoungGen      total 138240K, used 37533K [0x00000000d5580000, 0x00000000de180000, 0x0000000100000000)
  eden space 133120K, 28% used [0x00000000d5580000,0x00000000d7a275e0,0x00000000dd780000)
  from space 5120K, 0% used [0x00000000ddc80000,0x00000000ddc80000,0x00000000de180000)
  to   space 5120K, 0% used [0x00000000dd780000,0x00000000dd780000,0x00000000ddc80000)
 ParOldGen       total 116736K, used 39058K [0x0000000080000000, 0x0000000087200000, 0x00000000d5580000)
  object space 116736K, 33% used [0x0000000080000000,0x0000000082624868,0x0000000087200000)
 Metaspace       used 59221K, capacity 61586K, committed 61720K, reserved 1101824K
  class space    used 8175K, capacity 8664K, committed 8752K, reserved 1048576K
GC Heap History (10 events):
Event: 9.683 GC heap before
{Heap before GC invocations=9 (full 2):
 PSYoungGen      total 138240K, used 5120K [0x00000000d5580000, 0x00000000de180000, 0x0000000100000000)
  eden space 133120K, 0% used [0x00000000d5580000,0x00000000d5580000,0x00000000dd780000)
  from space 5120K, 100% used [0x00000000dd780000,0x00000000ddc80000,0x00000000ddc80000)
  to   space 5120K, 0% used [0x00000000ddc80000,0x00000000ddc80000,0x00000000de180000)
 ParOldGen       total 53248K, used 17731K [0x0000000080000000, 0x0000000083400000, 0x00000000d5580000)
  object space 53248K, 33% used [0x0000000080000000,0x0000000081150d80,0x0000000083400000)
 Metaspace       used 34357K, capacity 35432K, committed 35496K, reserved 1079296K
  class space    used 4727K, capacity 5007K, committed 5040K, reserved 1048576K
Event: 9.796 GC heap after
Heap after GC invocations=9 (full 2):
 PSYoungGen      total 138240K, used 0K [0x00000000d5580000, 0x00000000de180000, 0x0000000100000000)
  eden space 133120K, 0% used [0x00000000d5580000,0x00000000d5580000,0x00000000dd780000)
  from space 5120K, 0% used [0x00000000dd780000,0x00000000dd780000,0x00000000ddc80000)
  to   space 5120K, 0% used [0x00000000ddc80000,0x00000000ddc80000,0x00000000de180000)
 ParOldGen       total 76288K, used 14826K [0x0000000080000000, 0x0000000084a80000, 0x00000000d5580000)
  object space 76288K, 19% used [0x0000000080000000,0x0000000080e7aa70,0x0000000084a80000)
 Metaspace       used 34357K, capacity 35432K, committed 35496K, reserved 1079296K
  class space    used 4727K, capacity 5007K, committed 5040K, reserved 1048576K
}
Event: 37.766 GC heap before
{Heap before GC invocations=10 (full 2):
 PSYoungGen      total 138240K, used 133120K [0x00000000d5580000, 0x00000000de180000, 0x0000000100000000)
  eden space 133120K, 100% used [0x00000000d5580000,0x00000000dd780000,0x00000000dd780000)
  from space 5120K, 0% used [0x00000000dd780000,0x00000000dd780000,0x00000000ddc80000)
  to   space 5120K, 0% used [0x00000000ddc80000,0x00000000ddc80000,0x00000000de180000)
 ParOldGen       total 76288K, used 14826K [0x0000000080000000, 0x0000000084a80000, 0x00000000d5580000)
  object space 76288K, 19% used [0x0000000080000000,0x0000000080e7aa70,0x0000000084a80000)
 Metaspace       used 40444K, capacity 42170K, committed 42408K, reserved 1085440K
  class space    used 5571K, capacity 5945K, committed 6064K, reserved 1048576K
Event: 37.778 GC heap after
Heap after GC invocations=10 (full 2):
 PSYoungGen      total 138240K, used 5088K [0x00000000d5580000, 0x00000000de180000, 0x0000000100000000)
  eden space 133120K, 0% used [0x00000000d5580000,0x00000000d5580000,0x00000000dd780000)
  from space 5120K, 99% used [0x00000000ddc80000,0x00000000de178030,0x00000000de180000)
  to   space 5120K, 0% used [0x00000000dd780000,0x00000000dd780000,0x00000000ddc80000)
 ParOldGen       total 76288K, used 19797K [0x0000000080000000, 0x0000000084a80000, 0x00000000d5580000)
  object space 76288K, 25% used [0x0000000080000000,0x00000000813557b0,0x0000000084a80000)
 Metaspace       used 40444K, capacity 42170K, committed 42408K, reserved 1085440K
  class space    used 5571K, capacity 5945K, committed 6064K, reserved 1048576K
}
Event: 41.111 GC heap before
{Heap before GC invocations=11 (full 2):
 PSYoungGen      total 138240K, used 138208K [0x00000000d5580000, 0x00000000de180000, 0x0000000100000000)
  eden space 133120K, 100% used [0x00000000d5580000,0x00000000dd780000,0x00000000dd780000)
  from space 5120K, 99% used [0x00000000ddc80000,0x00000000de178030,0x00000000de180000)
  to   space 5120K, 0% used [0x00000000dd780000,0x00000000dd780000,0x00000000ddc80000)
 ParOldGen       total 76288K, used 19797K [0x0000000080000000, 0x0000000084a80000, 0x00000000d5580000)
  object space 76288K, 25% used [0x0000000080000000,0x00000000813557b0,0x0000000084a80000)
 Metaspace       used 52938K, capacity 55102K, committed 55208K, reserved 1097728K
  class space    used 7123K, capacity 7577K, committed 7600K, reserved 1048576K
Event: 41.170 GC heap after
Heap after GC invocations=11 (full 2):
 PSYoungGen      total 138240K, used 5104K [0x00000000d5580000, 0x00000000de180000, 0x0000000100000000)
  eden space 133120K, 0% used [0x00000000d5580000,0x00000000d5580000,0x00000000dd780000)
  from space 5120K, 99% used [0x00000000dd780000,0x00000000ddc7c030,0x00000000ddc80000)
  to   space 5120K, 0% used [0x00000000ddc80000,0x00000000ddc80000,0x00000000de180000)
 ParOldGen       total 76288K, used 36993K [0x0000000080000000, 0x0000000084a80000, 0x00000000d5580000)
  object space 76288K, 48% used [0x0000000080000000,0x0000000082420618,0x0000000084a80000)
 Metaspace       used 52938K, capacity 55102K, committed 55208K, reserved 1097728K
  class space    used 7123K, capacity 7577K, committed 7600K, reserved 1048576K
}
Event: 42.440 GC heap before
{Heap before GC invocations=12 (full 2):
 PSYoungGen      total 138240K, used 51322K [0x00000000d5580000, 0x00000000de180000, 0x0000000100000000)
  eden space 133120K, 34% used [0x00000000d5580000,0x00000000d82a28e0,0x00000000dd780000)
  from space 5120K, 99% used [0x00000000dd780000,0x00000000ddc7c030,0x00000000ddc80000)
  to   space 5120K, 0% used [0x00000000ddc80000,0x00000000ddc80000,0x00000000de180000)
 ParOldGen       total 76288K, used 36993K [0x0000000080000000, 0x0000000084a80000, 0x00000000d5580000)
  object space 76288K, 48% used [0x0000000080000000,0x0000000082420618,0x0000000084a80000)
 Metaspace       used 56845K, capacity 59146K, committed 59160K, reserved 1099776K
  class space    used 7776K, capacity 8240K, committed 8240K, reserved 1048576K
Event: 42.467 GC heap after
Heap after GC invocations=12 (full 2):
 PSYoungGen      total 138240K, used 5120K [0x00000000d5580000, 0x00000000de180000, 0x0000000100000000)
  eden space 133120K, 0% used [0x00000000d5580000,0x00000000d5580000,0x00000000dd780000)
  from space 5120K, 100% used [0x00000000ddc80000,0x00000000de180000,0x00000000de180000)
  to   space 5120K, 0% used [0x00000000dd780000,0x00000000dd780000,0x00000000ddc80000)
 ParOldGen       total 76288K, used 42046K [0x0000000080000000, 0x0000000084a80000, 0x00000000d5580000)
  object space 76288K, 55% used [0x0000000080000000,0x000000008290f9c0,0x0000000084a80000)
 Metaspace       used 56845K, capacity 59146K, committed 59160K, reserved 1099776K
  class space    used 7776K, capacity 8240K, committed 8240K, reserved 1048576K
}
Event: 42.467 GC heap before
{Heap before GC invocations=13 (full 3):
 PSYoungGen      total 138240K, used 5120K [0x00000000d5580000, 0x00000000de180000, 0x0000000100000000)
  eden space 133120K, 0% used [0x00000000d5580000,0x00000000d5580000,0x00000000dd780000)
  from space 5120K, 100% used [0x00000000ddc80000,0x00000000de180000,0x00000000de180000)
  to   space 5120K, 0% used [0x00000000dd780000,0x00000000dd780000,0x00000000ddc80000)
 ParOldGen       total 76288K, used 42046K [0x0000000080000000, 0x0000000084a80000, 0x00000000d5580000)
  object space 76288K, 55% used [0x0000000080000000,0x000000008290f9c0,0x0000000084a80000)
 Metaspace       used 56845K, capacity 59146K, committed 59160K, reserved 1099776K
  class space    used 7776K, capacity 8240K, committed 8240K, reserved 1048576K
Event: 42.859 GC heap after
Heap after GC invocations=13 (full 3):
 PSYoungGen      total 138240K, used 0K [0x00000000d5580000, 0x00000000de180000, 0x0000000100000000)
  eden space 133120K, 0% used [0x00000000d5580000,0x00000000d5580000,0x00000000dd780000)
  from space 5120K, 0% used [0x00000000ddc80000,0x00000000ddc80000,0x00000000de180000)
  to   space 5120K, 0% used [0x00000000dd780000,0x00000000dd780000,0x00000000ddc80000)
 ParOldGen       total 116736K, used 39058K [0x0000000080000000, 0x0000000087200000, 0x00000000d5580000)
  object space 116736K, 33% used [0x0000000080000000,0x0000000082624868,0x0000000087200000)
 Metaspace       used 56826K, capacity 59080K, committed 59160K, reserved 1099776K
  class space    used 7770K, capacity 8229K, committed 8240K, reserved 1048576K
}

