# JRE version: OpenJDK Runtime Environment (8.0_242-b01) (build 1.8.0_242-release-1644-b01)
# Java VM: OpenJDK 64-Bit Server VM (25.242-b01 mixed mode windows-amd64 compressed oops)
Heap:
 PSYoungGen      total 193024K, used 180700K [0x00000000d5580000, 0x00000000e2a80000, 0x0000000100000000)
  eden space 182272K, 93% used [0x00000000d5580000,0x00000000dfbb3738,0x00000000e0780000)
  from space 10752K, 97% used [0x00000000e2000000,0x00000000e2a439c8,0x00000000e2a80000)
  to   space 13824K, 0% used [0x00000000e0f80000,0x00000000e0f80000,0x00000000e1d00000)
 ParOldGen       total 66560K, used 17181K [0x0000000080000000, 0x0000000084100000, 0x00000000d5580000)
  object space 66560K, 25% used [0x0000000080000000,0x00000000810c77b8,0x0000000084100000)
 Metaspace       used 56001K, capacity 58324K, committed 58408K, reserved 1099776K
  class space    used 7658K, capacity 8163K, committed 8240K, reserved 1048576K
GC Heap History (10 events):
Event: 6.030 GC heap before
{Heap before GC invocations=8 (full 1):
 PSYoungGen      total 76800K, used 3680K [0x00000000d5580000, 0x00000000deb80000, 0x0000000100000000)
  eden space 66048K, 0% used [0x00000000d5580000,0x00000000d5580000,0x00000000d9600000)
  from space 10752K, 34% used [0x00000000d9600000,0x00000000d9998030,0x00000000da080000)
  to   space 10752K, 0% used [0x00000000de100000,0x00000000de100000,0x00000000deb80000)
 ParOldGen       total 87552K, used 8806K [0x0000000080000000, 0x0000000085580000, 0x00000000d5580000)
  object space 87552K, 10% used [0x0000000080000000,0x00000000808999a0,0x0000000085580000)
 Metaspace       used 20571K, capacity 21236K, committed 21296K, reserved 1067008K
  class space    used 2872K, capacity 3080K, committed 3120K, reserved 1048576K
Event: 6.087 GC heap after
Heap after GC invocations=8 (full 1):
 PSYoungGen      total 76800K, used 0K [0x00000000d5580000, 0x00000000deb80000, 0x0000000100000000)
  eden space 66048K, 0% used [0x00000000d5580000,0x00000000d5580000,0x00000000d9600000)
  from space 10752K, 0% used [0x00000000d9600000,0x00000000d9600000,0x00000000da080000)
  to   space 10752K, 0% used [0x00000000de100000,0x00000000de100000,0x00000000deb80000)
 ParOldGen       total 46592K, used 6647K [0x0000000080000000, 0x0000000082d80000, 0x00000000d5580000)
  object space 46592K, 14% used [0x0000000080000000,0x000000008067dec0,0x0000000082d80000)
 Metaspace       used 20571K, capacity 21236K, committed 21296K, reserved 1067008K
  class space    used 2872K, capacity 3080K, committed 3120K, reserved 1048576K
}
Event: 7.506 GC heap before
{Heap before GC invocations=9 (full 1):
 PSYoungGen      total 76800K, used 66048K [0x00000000d5580000, 0x00000000deb80000, 0x0000000100000000)
  eden space 66048K, 100% used [0x00000000d5580000,0x00000000d9600000,0x00000000d9600000)
  from space 10752K, 0% used [0x00000000d9600000,0x00000000d9600000,0x00000000da080000)
  to   space 10752K, 0% used [0x00000000de100000,0x00000000de100000,0x00000000deb80000)
 ParOldGen       total 46592K, used 6647K [0x0000000080000000, 0x0000000082d80000, 0x00000000d5580000)
  object space 46592K, 14% used [0x0000000080000000,0x000000008067dec0,0x0000000082d80000)
 Metaspace       used 28791K, capacity 29638K, committed 29872K, reserved 1075200K
  class space    used 3986K, capacity 4229K, committed 4272K, reserved 1048576K
Event: 7.520 GC heap after
Heap after GC invocations=9 (full 1):
 PSYoungGen      total 135168K, used 8574K [0x00000000d5580000, 0x00000000de980000, 0x0000000100000000)
  eden space 126464K, 0% used [0x00000000d5580000,0x00000000d5580000,0x00000000dd100000)
  from space 8704K, 98% used [0x00000000de100000,0x00000000de95f870,0x00000000de980000)
  to   space 11264K, 0% used [0x00000000dd380000,0x00000000dd380000,0x00000000dde80000)
 ParOldGen       total 46592K, used 6655K [0x0000000080000000, 0x0000000082d80000, 0x00000000d5580000)
  object space 46592K, 14% used [0x0000000080000000,0x000000008067fec0,0x0000000082d80000)
 Metaspace       used 28791K, capacity 29638K, committed 29872K, reserved 1075200K
  class space    used 3986K, capacity 4229K, committed 4272K, reserved 1048576K
}
Event: 9.078 GC heap before
{Heap before GC invocations=10 (full 1):
 PSYoungGen      total 135168K, used 101294K [0x00000000d5580000, 0x00000000de980000, 0x0000000100000000)
  eden space 126464K, 73% used [0x00000000d5580000,0x00000000db00c128,0x00000000dd100000)
  from space 8704K, 98% used [0x00000000de100000,0x00000000de95f870,0x00000000de980000)
  to   space 11264K, 0% used [0x00000000dd380000,0x00000000dd380000,0x00000000dde80000)
 ParOldGen       total 46592K, used 6655K [0x0000000080000000, 0x0000000082d80000, 0x00000000d5580000)
  object space 46592K, 14% used [0x0000000080000000,0x000000008067fec0,0x0000000082d80000)
 Metaspace       used 34298K, capacity 35426K, committed 35496K, reserved 1079296K
  class space    used 4719K, capacity 5006K, committed 5040K, reserved 1048576K
Event: 9.100 GC heap after
Heap after GC invocations=10 (full 1):
 PSYoungGen      total 140288K, used 11024K [0x00000000d5580000, 0x00000000e2c80000, 0x0000000100000000)
  eden space 129024K, 0% used [0x00000000d5580000,0x00000000d5580000,0x00000000dd380000)
  from space 11264K, 97% used [0x00000000dd380000,0x00000000dde44320,0x00000000dde80000)
  to   space 12800K, 0% used [0x00000000e2000000,0x00000000e2000000,0x00000000e2c80000)
 ParOldGen       total 46592K, used 6663K [0x0000000080000000, 0x0000000082d80000, 0x00000000d5580000)
  object space 46592K, 14% used [0x0000000080000000,0x0000000080681ec0,0x0000000082d80000)
 Metaspace       used 34298K, capacity 35426K, committed 35496K, reserved 1079296K
  class space    used 4719K, capacity 5006K, committed 5040K, reserved 1048576K
}
Event: 9.100 GC heap before
{Heap before GC invocations=11 (full 2):
 PSYoungGen      total 140288K, used 11024K [0x00000000d5580000, 0x00000000e2c80000, 0x0000000100000000)
  eden space 129024K, 0% used [0x00000000d5580000,0x00000000d5580000,0x00000000dd380000)
  from space 11264K, 97% used [0x00000000dd380000,0x00000000dde44320,0x00000000dde80000)
  to   space 12800K, 0% used [0x00000000e2000000,0x00000000e2000000,0x00000000e2c80000)
 ParOldGen       total 46592K, used 6663K [0x0000000080000000, 0x0000000082d80000, 0x00000000d5580000)
  object space 46592K, 14% used [0x0000000080000000,0x0000000080681ec0,0x0000000082d80000)
 Metaspace       used 34298K, capacity 35426K, committed 35496K, reserved 1079296K
  class space    used 4719K, capacity 5006K, committed 5040K, reserved 1048576K
Event: 9.239 GC heap after
Heap after GC invocations=11 (full 2):
 PSYoungGen      total 140288K, used 0K [0x00000000d5580000, 0x00000000e2c80000, 0x0000000100000000)
  eden space 129024K, 0% used [0x00000000d5580000,0x00000000d5580000,0x00000000dd380000)
  from space 11264K, 0% used [0x00000000dd380000,0x00000000dd380000,0x00000000dde80000)
  to   space 12800K, 0% used [0x00000000e2000000,0x00000000e2000000,0x00000000e2c80000)
 ParOldGen       total 66560K, used 17173K [0x0000000080000000, 0x0000000084100000, 0x00000000d5580000)
  object space 66560K, 25% used [0x0000000080000000,0x00000000810c57b8,0x0000000084100000)
 Metaspace       used 34298K, capacity 35426K, committed 35496K, reserved 1079296K
  class space    used 4719K, capacity 5006K, committed 5040K, reserved 1048576K
}
Event: 11.573 GC heap before
{Heap before GC invocations=12 (full 2):
 PSYoungGen      total 140288K, used 129024K [0x00000000d5580000, 0x00000000e2c80000, 0x0000000100000000)
  eden space 129024K, 100% used [0x00000000d5580000,0x00000000dd380000,0x00000000dd380000)
  from space 11264K, 0% used [0x00000000dd380000,0x00000000dd380000,0x00000000dde80000)
  to   space 12800K, 0% used [0x00000000e2000000,0x00000000e2000000,0x00000000e2c80000)
 ParOldGen       total 66560K, used 17173K [0x0000000080000000, 0x0000000084100000, 0x00000000d5580000)
  object space 66560K, 25% used [0x0000000080000000,0x00000000810c57b8,0x0000000084100000)
 Metaspace       used 40789K, capacity 42606K, committed 42920K, reserved 1085440K
  class space    used 5600K, capacity 5979K, committed 6064K, reserved 1048576K
Event: 11.591 GC heap after
Heap after GC invocations=12 (full 2):
 PSYoungGen      total 193024K, used 10510K [0x00000000d5580000, 0x00000000e2a80000, 0x0000000100000000)
  eden space 182272K, 0% used [0x00000000d5580000,0x00000000d5580000,0x00000000e0780000)
  from space 10752K, 97% used [0x00000000e2000000,0x00000000e2a439c8,0x00000000e2a80000)
  to   space 13824K, 0% used [0x00000000e0f80000,0x00000000e0f80000,0x00000000e1d00000)
 ParOldGen       total 66560K, used 17181K [0x0000000080000000, 0x0000000084100000, 0x00000000d5580000)
  object space 66560K, 25% used [0x0000000080000000,0x00000000810c77b8,0x0000000084100000)
 Metaspace       used 40789K, capacity 42606K, committed 42920K, reserved 1085440K
  class space    used 5600K, capacity 5979K, committed 6064K, reserved 1048576K
}

